<?xml version="1.0" encoding="UTF-8"?>
<!-- Generated by org.testng.reporters.JUnitReportReporter -->
<testsuite skipped="0" hostname="WINSG185301-BXU" name="com.lakme.Testcases.FlightsPageTestcases" tests="2" failures="0" timestamp="2020-05-19T08:49:50 IST" time="0.008" errors="0">
  <testcase name="testdataprov" time="0.007" classname="com.lakme.Testcases.FlightsPageTestcases"/>
  <system-out/>
  <testcase name="testdataprov" time="0.001" classname="com.lakme.Testcases.FlightsPageTestcases"/>
  <system-out/>
</testsuite> <!-- com.lakme.Testcases.FlightsPageTestcases -->
