<?xml version="1.0" encoding="UTF-8"?>
<!-- Generated by org.testng.reporters.JUnitReportReporter -->
<testsuite skipped="0" hostname="WINSG185301-BXU" name="com.lakme.basesetup.BaseSetup" tests="1" failures="0" timestamp="2020-05-15T23:29:09 IST" time="6.831" errors="0">
  <testcase name="initializeDriver" time="6.831" classname="com.lakme.basesetup.BaseSetup"/>
  <system-out/>
</testsuite> <!-- com.lakme.basesetup.BaseSetup -->
