<?xml version="1.0" encoding="UTF-8"?>
<!-- Generated by org.testng.reporters.JUnitReportReporter -->
<testsuite skipped="0" hostname="WINSG185301-BXU" name="com.lakme.util.TestUtil" tests="1" failures="0" timestamp="2020-05-18T23:51:39 IST" time="0.542" errors="0">
  <testcase name="getTestData" time="0.542" classname="com.lakme.util.TestUtil"/>
  <system-out/>
</testsuite> <!-- com.lakme.util.TestUtil -->
