<?xml version="1.0" encoding="UTF-8"?>
<!-- Generated by org.testng.reporters.JUnitReportReporter -->
<testsuite hostname="LAPTOP-V12LU4S8" failures="0" tests="6" name="com.lakme.Testcases.LoginPageTestCases" time="146.517" errors="0" timestamp="2020-06-10T21:09:17 IST" skipped="0">
  <testcase classname="com.lakme.Testcases.LoginPageTestCases" name="TC_Login_02" time="25.655"/>
  <system-out/>
  <testcase classname="com.lakme.Testcases.LoginPageTestCases" name="TC_Login_05" time="22.546"/>
  <system-out/>
  <testcase classname="com.lakme.Testcases.LoginPageTestCases" name="TC_Login_01_Test" time="20.239"/>
  <system-out/>
  <testcase classname="com.lakme.Testcases.LoginPageTestCases" name="TC_Login_03" time="25.996"/>
  <system-out/>
  <testcase classname="com.lakme.Testcases.LoginPageTestCases" name="TC_Login_04" time="23.315"/>
  <system-out/>
  <testcase classname="com.lakme.Testcases.LoginPageTestCases" name="TC_Login_06" time="28.766"/>
  <system-out/>
</testsuite> <!-- com.lakme.Testcases.LoginPageTestCases -->
