<?xml version="1.0" encoding="UTF-8"?>
<!-- Generated by org.testng.reporters.JUnitReportReporter -->
<testsuite skipped="0" hostname="WINSG185301-BXU" name="com.lakme.basesetup.BaseSetup" tests="1" failures="0" timestamp="2020-05-16T21:06:05 IST" time="0.006" errors="0">
  <testcase name="testtest" time="0.006" classname="com.lakme.basesetup.BaseSetup"/>
  <system-out/>
</testsuite> <!-- com.lakme.basesetup.BaseSetup -->
