<?xml version="1.0" encoding="UTF-8"?>
<!-- Generated by org.testng.reporters.JUnitReportReporter -->
<testsuite skipped="0" hostname="WINSG185301-BXU" name="com.lakme.Testcases.FlightsPageTestcases" tests="3" failures="0" timestamp="2020-05-16T23:10:06 IST" time="0.541" errors="0">
  <testcase name="selectOneWayOption" time="0.180" classname="com.lakme.Testcases.FlightsPageTestcases"/>
  <system-out/>
  <testcase name="roundTripOption" time="0.243" classname="com.lakme.Testcases.FlightsPageTestcases"/>
  <system-out/>
  <testcase name="multicityOption" time="0.118" classname="com.lakme.Testcases.FlightsPageTestcases"/>
  <system-out/>
</testsuite> <!-- com.lakme.Testcases.FlightsPageTestcases -->
